<?xml version="1.0" encoding="UTF-8"?>
<testsuite name="petstore.Pet" tests="1" skipped="0" failures="0" errors="0" timestamp="2022-10-19T01:03:29" hostname="DESKTOP-PFLJSN1" time="13.936">
  <properties/>
  <testcase name="incluirPet" classname="petstore.Pet" time="13.936"/>
  <system-out><![CDATA[Request method:	POST
Request URI:	https://petstore.swagger.io/v2/pet
Proxy:			<none>
Request params:	<none>
Query params:	<none>
Form params:	<none>
Path params:	<none>
Headers:		Accept=*/*
				Content-Type=application/json
Cookies:		<none>
Multiparts:		<none>
Body:
{
    "id": 0,
    "category": {
        "id": 1,
        "name": "dog"
    },
    "name": "Snoopy",
    "photoUrls": [
        "string"
    ],
    "tags": [
        {
            "id": 2022,
            "name": "sta"
        }
    ],
    "status": "available"
}
HTTP/1.1 200 OK
Date: Wed, 19 Oct 2022 01:03:42 GMT
Content-Type: application/json
Transfer-Encoding: chunked
Connection: keep-alive
Access-Control-Allow-Origin: *
Access-Control-Allow-Methods: GET, POST, DELETE, PUT
Access-Control-Allow-Headers: Content-Type, api_key, Authorization
Server: Jetty(9.2.9.v20150224)

{
    "id": 9222968140497180335,
    "category": {
        "id": 1,
        "name": "dog"
    },
    "name": "Snoopy",
    "photoUrls": [
        "string"
    ],
    "tags": [
        {
            "id": 2022,
            "name": "sta"
        }
    ],
    "status": "available"
}
]]></system-out>
  <system-err><![CDATA[]]></system-err>
</testsuite>
